DEPRECATION WARNING: ActiveRecord::Base.raise_in_transactional_callbacks= is deprecated, has no effect and will be removed without replacement. (called from <top (required)> at /Users/mttrms/Documents/app-academy/Rails/Rails and CSS/app_academy_times/config/environment.rb:5)
DEPRECATION WARNING: ActiveRecord::Base.raise_in_transactional_callbacks= is deprecated, has no effect and will be removed without replacement. (called from require at /Users/mttrms/Documents/app-academy/Rails/Rails and CSS/app_academy_times/bin/rails:9)
  [1m[35m (0.9ms)[0m  [1m[35mCREATE TABLE "schema_migrations" ("version" varchar NOT NULL PRIMARY KEY)[0m
  [1m[35m (1.0ms)[0m  [1m[35mCREATE TABLE "ar_internal_metadata" ("key" varchar NOT NULL PRIMARY KEY, "value" varchar, "created_at" datetime NOT NULL, "updated_at" datetime NOT NULL)[0m
  [1m[36mActiveRecord::InternalMetadata Load (0.1ms)[0m  [1m[34mSELECT  "ar_internal_metadata".* FROM "ar_internal_metadata" WHERE "ar_internal_metadata"."key" = ? LIMIT ?[0m  [["key", "environment"], ["LIMIT", 1]]
  [1m[35m (0.0ms)[0m  [1m[36mbegin transaction[0m
  [1m[35mSQL (0.2ms)[0m  [1m[32mINSERT INTO "ar_internal_metadata" ("key", "value", "created_at", "updated_at") VALUES (?, ?, ?, ?)[0m  [["key", "environment"], ["value", "development"], ["created_at", "2019-11-04 03:07:27.834224"], ["updated_at", "2019-11-04 03:07:27.834224"]]
  [1m[35m (0.7ms)[0m  [1m[36mcommit transaction[0m
  [1m[36mActiveRecord::SchemaMigration Load (0.1ms)[0m  [1m[34mSELECT "schema_migrations".* FROM "schema_migrations"[0m
Started GET "/" for ::1 at 2019-11-03 22:08:17 -0500
DEPRECATION WARNING: ActiveRecord::Base.raise_in_transactional_callbacks= is deprecated, has no effect and will be removed without replacement. (called from block (3 levels) in <class:Railtie> at /Users/mttrms/.gem/ruby/2.6.3/gems/activerecord-5.0.7.2/lib/active_record/railtie.rb:113)
Processing by StaticPagesController#index as HTML
  Rendering static_pages/index.html.erb within layouts/application
  Rendered shared/_main_nav.html.erb (0.2ms)
  Rendered shared/_masthead.html.erb (0.1ms)
  Rendered shared/_sections_nav.html.erb (0.1ms)
  Rendered shared/_search_modal.html.erb (0.1ms)
  Rendered shared/_main_content.html.erb (0.2ms)
  Rendered static_pages/index.html.erb within layouts/application (5.5ms)
Completed 200 OK in 343ms (Views: 342.0ms | ActiveRecord: 0.0ms)


Started GET "/assets/application.self-7f0deaf1a0ca95cfb488ae3ac22856d2f025625abc120c1cc1a1e18d22661814.css?body=1" for ::1 at 2019-11-03 22:08:17 -0500
Started GET "/assets/components/sidebar.self-2a1277f850a6fa21e1a974ef5152f177ac05516477d5081d593bb137b3d6808b.js?body=1" for ::1 at 2019-11-03 22:08:17 -0500
Started GET "/assets/components/modal.self-52188644dbb47def5ee35ae02e69eb567ca9b664472357a8a5789dd39032a265.js?body=1" for ::1 at 2019-11-03 22:08:17 -0500
Started GET "/assets/jquery_ujs.self-784a997f6726036b1993eb2217c9cb558e1cbb801c6da88105588c56f13b466a.js?body=1" for ::1 at 2019-11-03 22:08:17 -0500
Started GET "/assets/jquery.self-bd7ddd393353a8d2480a622e80342adf488fb6006d667e8b42e4c0073393abee.js?body=1" for ::1 at 2019-11-03 22:08:17 -0500
Started GET "/assets/components/dropdown.self-815016af6fab1d5b72abd319213bf62f0c42bab2c585d2e059543ae704a0d74c.js?body=1" for ::1 at 2019-11-03 22:08:17 -0500
Started GET "/assets/application.self-f571b9db02bf4ed04c38a6a29072ac382f7d4f47db1fab9817aeadb0d8665235.js?body=1" for ::1 at 2019-11-03 22:08:17 -0500
Started GET "/" for ::1 at 2019-11-03 23:32:13 -0500
DEPRECATION WARNING: ActiveRecord::Base.raise_in_transactional_callbacks= is deprecated, has no effect and will be removed without replacement. (called from block (3 levels) in <class:Railtie> at /Users/mttrms/.gem/ruby/2.6.3/gems/activerecord-5.0.7.2/lib/active_record/railtie.rb:113)
Processing by StaticPagesController#index as HTML
  Rendering static_pages/index.html.erb within layouts/application
  Rendered shared/_main_nav.html.erb (0.1ms)
  Rendered shared/_masthead.html.erb (0.1ms)
  Rendered shared/_sections_nav.html.erb (0.1ms)
  Rendered shared/_search_modal.html.erb (0.1ms)
  Rendered shared/_main_content.html.erb (0.1ms)
  Rendered static_pages/index.html.erb within layouts/application (3.9ms)
Completed 200 OK in 283ms (Views: 282.7ms | ActiveRecord: 0.0ms)


Started GET "/assets/application.self-a91216bc7ffef180757e1aefd611a9b882a25d0a54063492f157c7babaeb0508.css?body=1" for ::1 at 2019-11-03 23:32:13 -0500
Started GET "/assets/application.self-a91216bc7ffef180757e1aefd611a9b882a25d0a54063492f157c7babaeb0508.css?body=1&livereload=1572841943865" for ::1 at 2019-11-03 23:32:23 -0500
Started GET "/assets/application.self-a91216bc7ffef180757e1aefd611a9b882a25d0a54063492f157c7babaeb0508.css?body=1&livereload=1572841943866" for ::1 at 2019-11-03 23:32:23 -0500
Started GET "/assets/application.self-a91216bc7ffef180757e1aefd611a9b882a25d0a54063492f157c7babaeb0508.css?body=1&livereload=1572841951960" for ::1 at 2019-11-03 23:32:31 -0500
Started GET "/assets/application.self-a91216bc7ffef180757e1aefd611a9b882a25d0a54063492f157c7babaeb0508.css?body=1&livereload=1572841951961" for ::1 at 2019-11-03 23:32:31 -0500
Started GET "/assets/application.self-a91216bc7ffef180757e1aefd611a9b882a25d0a54063492f157c7babaeb0508.css?body=1&livereload=1572841957510" for ::1 at 2019-11-03 23:32:37 -0500
Started GET "/assets/application.self-a91216bc7ffef180757e1aefd611a9b882a25d0a54063492f157c7babaeb0508.css?body=1&livereload=1572841957511" for ::1 at 2019-11-03 23:32:37 -0500
Started GET "/" for ::1 at 2019-11-03 23:36:00 -0500
Processing by StaticPagesController#index as HTML
  Rendering static_pages/index.html.erb within layouts/application
  Rendered shared/_main_nav.html.erb (0.1ms)
  Rendered shared/_masthead.html.erb (0.1ms)
  Rendered shared/_sections_nav.html.erb (0.1ms)
  Rendered shared/_search_modal.html.erb (0.1ms)
  Rendered shared/_main_content.html.erb (0.1ms)
  Rendered static_pages/index.html.erb within layouts/application (2.7ms)
Completed 500 Internal Server Error in 21ms (ActiveRecord: 0.0ms)



Sass::SyntaxError - Invalid CSS after "	font-size": expected ";", was ": 12px;":
  app/views/layouts/application.html.erb:7:in `_app_views_layouts_application_html_erb__23224985843430847_70092555342460'

Started POST "/__better_errors/8230a61d8dba0a5f/variables" for ::1 at 2019-11-03 23:36:00 -0500
Started GET "/" for ::1 at 2019-11-03 23:36:17 -0500
Processing by StaticPagesController#index as HTML
  Rendering static_pages/index.html.erb within layouts/application
  Rendered shared/_main_nav.html.erb (0.2ms)
  Rendered shared/_masthead.html.erb (0.2ms)
  Rendered shared/_sections_nav.html.erb (0.1ms)
  Rendered shared/_search_modal.html.erb (0.3ms)
  Rendered shared/_main_content.html.erb (0.3ms)
  Rendered static_pages/index.html.erb within layouts/application (4.3ms)
Completed 200 OK in 74ms (Views: 73.3ms | ActiveRecord: 0.0ms)


Started GET "/assets/application.self-d54f943ac45c78f8d5a126a04f8bb0cb63ce5ddcfca7f670fda32c8a78ccd2a0.css?body=1" for ::1 at 2019-11-03 23:36:17 -0500
Started GET "/" for ::1 at 2019-11-03 23:36:18 -0500
Processing by StaticPagesController#index as HTML
  Rendering static_pages/index.html.erb within layouts/application
  Rendered shared/_main_nav.html.erb (0.1ms)
  Rendered shared/_masthead.html.erb (0.2ms)
  Rendered shared/_sections_nav.html.erb (0.1ms)
  Rendered shared/_search_modal.html.erb (0.1ms)
  Rendered shared/_main_content.html.erb (0.2ms)
  Rendered static_pages/index.html.erb within layouts/application (2.7ms)
Completed 200 OK in 17ms (Views: 16.3ms | ActiveRecord: 0.0ms)


